<?xml version="1.0" encoding="UTF-8"?>
<testng-results ignored="0" total="3" passed="3" failed="0" skipped="0">
  <reporter-output>
  </reporter-output>
  <suite started-at="2023-06-23T16:05:25 BRT" name="Default Suite" finished-at="2023-06-23T16:05:25 BRT" duration-ms="31">
    <groups>
    </groups>
    <test started-at="2023-06-23T16:05:25 BRT" name="SeleniumCourse" finished-at="2023-06-23T16:05:25 BRT" duration-ms="31">
      <class name="br.com.testngtutorial.Test1">
        <test-method signature="test2()[pri:0, instance:br.com.testngtutorial.Test1@2a32de6c]" started-at="2023-06-23T16:05:25 BRT" name="test2" finished-at="2023-06-23T16:05:25 BRT" duration-ms="4" status="PASS">
          <reporter-output>
          </reporter-output>
        </test-method> <!-- test2 -->
        <test-method signature="test1()[pri:1, instance:br.com.testngtutorial.Test1@2a32de6c]" started-at="2023-06-23T16:05:25 BRT" name="test1" finished-at="2023-06-23T16:05:25 BRT" duration-ms="0" status="PASS">
          <reporter-output>
          </reporter-output>
        </test-method> <!-- test1 -->
        <test-method signature="test3()[pri:2, instance:br.com.testngtutorial.Test1@2a32de6c]" started-at="2023-06-23T16:05:25 BRT" name="test3" finished-at="2023-06-23T16:05:25 BRT" duration-ms="0" status="PASS">
          <reporter-output>
          </reporter-output>
        </test-method> <!-- test3 -->
      </class> <!-- br.com.testngtutorial.Test1 -->
    </test> <!-- SeleniumCourse -->
  </suite> <!-- Default Suite -->
</testng-results>
